2018-10on-08 14:24:29October.849 DEBUG ConsumeProduceWithLog - consumer: Consumer thread started ...
2018-10on-08 14:24:29October.862 INFO ConsumeProduceWithLog - consumer: Consumer waiting ...
2018-10on-08 14:24:31October.862 DEBUG ConsumeProduceWithLog - consumer: Consumer thread started ...
2018-10on-08 14:24:31October.863 INFO ConsumeProduceWithLog - consumer: Consumer waiting ...
2018-10on-08 14:24:33October.863 DEBUG ConsumeProduceWithLog - producer: Producer thread started ...
2018-10on-08 14:24:33October.863 INFO ConsumeProduceWithLog - producer: Making resource available
2018-10on-08 14:24:33October.864 DEBUG ConsumeProduceWithLog - producer: Notifying to all consumers
2018-10on-08 14:24:33October.864 DEBUG ConsumeProduceWithLog - consumer: Consumer consumed the resource
2018-10on-08 14:24:33October.865 DEBUG ConsumeProduceWithLog - consumer: Consumer consumed the resource
2018-10-08 14:25:01October.288 DEBUG ConsumeProduceWithLog - consumer: Consumer thread started ...
2018-10-08 14:25:01October.289 INFO ConsumeProduceWithLog - consumer: Consumer waiting ...
2018-10-08 14:25:03October.292 DEBUG ConsumeProduceWithLog - consumer: Consumer thread started ...
2018-10-08 14:25:03October.292 INFO ConsumeProduceWithLog - consumer: Consumer waiting ...
2018-10-08 14:25:05October.293 DEBUG ConsumeProduceWithLog - producer: Producer thread started ...
2018-10-08 14:25:05October.294 INFO ConsumeProduceWithLog - producer: Making resource available
2018-10-08 14:25:05October.295 DEBUG ConsumeProduceWithLog - producer: Notifying to all consumers
2018-10-08 14:25:05October.296 DEBUG ConsumeProduceWithLog - consumer: Consumer consumed the resource
2018-10-08 14:25:05October.296 DEBUG ConsumeProduceWithLog - consumer: Consumer consumed the resource
 2018-10-08 15:26:49October.164 DEBUG ConsumeProduceWithLog - consumer: Consumer thread started ...
2018-10-08 15:26:49October.164 INFO ConsumeProduceWithLog - consumer: Consumer waiting ...
2018-10-08 15:26:51October.164 DEBUG ConsumeProduceWithLog - consumer: Consumer thread started ...
2018-10-08 15:26:51October.164 INFO ConsumeProduceWithLog - consumer: Consumer waiting ...
2018-10-08 15:26:53October.164 DEBUG ConsumeProduceWithLog - producer: Producer thread started ...
2018-10-08 15:26:53October.164 INFO ConsumeProduceWithLog - producer: Making resource available
2018-10-08 15:26:53October.164 DEBUG ConsumeProduceWithLog - producer: Notifying to all consumers
2018-10-08 15:26:53October.165 DEBUG ConsumeProduceWithLog - consumer: Consumer consumed the resource
2018-10-08 15:26:53October.165 DEBUG ConsumeProduceWithLog - consumer: Consumer consumed the resource
